# JRE version: OpenJDK Runtime Environment (8.0_191-b13) (build 1.8.0_191-b13)
# Java VM: OpenJDK 64-Bit Server VM (25.191-b13 mixed mode linux-amd64 compressed oops)
Heap:
 PSYoungGen      total 1308672K, used 2825K [0x0000000759000000, 0x00000007aa700000, 0x00000007c0000000)
  eden space 1297920K, 0% used [0x0000000759000000,0x0000000759000000,0x00000007a8380000)
  from space 10752K, 26% used [0x00000007a9200000,0x00000007a94c2608,0x00000007a9c80000)
  to   space 3072K, 0% used [0x00000007aa400000,0x00000007aa400000,0x00000007aa700000)
 ParOldGen       total 117248K, used 11494K [0x000000068b000000, 0x0000000692280000, 0x0000000759000000)
  object space 117248K, 9% used [0x000000068b000000,0x000000068bb39808,0x0000000692280000)
 Metaspace       used 25548K, capacity 25910K, committed 25984K, reserved 1071104K
  class space    used 3340K, capacity 3455K, committed 3456K, reserved 1048576K
GC Heap History (35 events):
Event: 9.727 GC heap before
{Heap before GC invocations=1 (full 0):
 PSYoungGen      total 92672K, used 79872K [0x0000000759000000, 0x000000075f700000, 0x00000007c0000000)
  eden space 79872K, 100% used [0x0000000759000000,0x000000075de00000,0x000000075de00000)
  from space 12800K, 0% used [0x000000075ea80000,0x000000075ea80000,0x000000075f700000)
  to   space 12800K, 0% used [0x000000075de00000,0x000000075de00000,0x000000075ea80000)
 ParOldGen       total 211968K, used 0K [0x000000068b000000, 0x0000000697f00000, 0x0000000759000000)
  object space 211968K, 0% used [0x000000068b000000,0x000000068b000000,0x0000000697f00000)
 Metaspace       used 12287K, capacity 12492K, committed 12800K, reserved 1060864K
  class space    used 1437K, capacity 1516K, committed 1536K, reserved 1048576K
Event: 9.770 GC heap after
Heap after GC invocations=1 (full 0):
 PSYoungGen      total 92672K, used 8264K [0x0000000759000000, 0x000000075f700000, 0x00000007c0000000)
  eden space 79872K, 0% used [0x0000000759000000,0x0000000759000000,0x000000075de00000)
  from space 12800K, 64% used [0x000000075de00000,0x000000075e612268,0x000000075ea80000)
  to   space 12800K, 0% used [0x000000075ea80000,0x000000075ea80000,0x000000075f700000)
 ParOldGen       total 211968K, used 80K [0x000000068b000000, 0x0000000697f00000, 0x0000000759000000)
  object space 211968K, 0% used [0x000000068b000000,0x000000068b014010,0x0000000697f00000)
 Metaspace       used 12287K, capacity 12492K, committed 12800K, reserved 1060864K
  class space    used 1437K, capacity 1516K, committed 1536K, reserved 1048576K
}
Event: 12.736 GC heap before
{Heap before GC invocations=2 (full 0):
 PSYoungGen      total 92672K, used 88136K [0x0000000759000000, 0x000000075f700000, 0x00000007c0000000)
  eden space 79872K, 100% used [0x0000000759000000,0x000000075de00000,0x000000075de00000)
  from space 12800K, 64% used [0x000000075de00000,0x000000075e612268,0x000000075ea80000)
  to   space 12800K, 0% used [0x000000075ea80000,0x000000075ea80000,0x000000075f700000)
 ParOldGen       total 211968K, used 80K [0x000000068b000000, 0x0000000697f00000, 0x0000000759000000)
  object space 211968K, 0% used [0x000000068b000000,0x000000068b014010,0x0000000697f00000)
 Metaspace       used 13548K, capacity 13772K, committed 14080K, reserved 1060864K
  class space    used 1672K, capacity 1772K, committed 1792K, reserved 1048576K
Event: 12.796 GC heap after
Heap after GC invocations=2 (full 0):
 PSYoungGen      total 92672K, used 6768K [0x0000000759000000, 0x0000000764500000, 0x00000007c0000000)
  eden space 79872K, 0% used [0x0000000759000000,0x0000000759000000,0x000000075de00000)
  from space 12800K, 52% used [0x000000075ea80000,0x000000075f11c010,0x000000075f700000)
  to   space 12800K, 0% used [0x000000075de00000,0x000000075de00000,0x000000075ea80000)
 ParOldGen       total 211968K, used 88K [0x000000068b000000, 0x0000000697f00000, 0x0000000759000000)
  object space 211968K, 0% used [0x000000068b000000,0x000000068b016010,0x0000000697f00000)
 Metaspace       used 13548K, capacity 13772K, committed 14080K, reserved 1060864K
  class space    used 1672K, capacity 1772K, committed 1792K, reserved 1048576K
}
Event: 15.948 GC heap before
{Heap before GC invocations=3 (full 0):
 PSYoungGen      total 92672K, used 86640K [0x0000000759000000, 0x0000000764500000, 0x00000007c0000000)
  eden space 79872K, 100% used [0x0000000759000000,0x000000075de00000,0x000000075de00000)
  from space 12800K, 52% used [0x000000075ea80000,0x000000075f11c010,0x000000075f700000)
  to   space 12800K, 0% used [0x000000075de00000,0x000000075de00000,0x000000075ea80000)
 ParOldGen       total 211968K, used 88K [0x000000068b000000, 0x0000000697f00000, 0x0000000759000000)
  object space 211968K, 0% used [0x000000068b000000,0x000000068b016010,0x0000000697f00000)
 Metaspace       used 17789K, capacity 18004K, committed 18176K, reserved 1064960K
  class space    used 2463K, capacity 2540K, committed 2560K, reserved 1048576K
Event: 15.987 GC heap after
Heap after GC invocations=3 (full 0):
 PSYoungGen      total 92672K, used 8868K [0x0000000759000000, 0x0000000764500000, 0x00000007c0000000)
  eden space 79872K, 0% used [0x0000000759000000,0x0000000759000000,0x000000075de00000)
  from space 12800K, 69% used [0x000000075de00000,0x000000075e6a9208,0x000000075ea80000)
  to   space 12800K, 0% used [0x0000000763880000,0x0000000763880000,0x0000000764500000)
 ParOldGen       total 211968K, used 96K [0x000000068b000000, 0x0000000697f00000, 0x0000000759000000)
  object space 211968K, 0% used [0x000000068b000000,0x000000068b018010,0x0000000697f00000)
 Metaspace       used 17789K, capacity 18004K, committed 18176K, reserved 1064960K
  class space    used 2463K, capacity 2540K, committed 2560K, reserved 1048576K
}
Event: 17.265 GC heap before
{Heap before GC invocations=4 (full 0):
 PSYoungGen      total 92672K, used 42753K [0x0000000759000000, 0x0000000764500000, 0x00000007c0000000)
  eden space 79872K, 42% used [0x0000000759000000,0x000000075b117450,0x000000075de00000)
  from space 12800K, 69% used [0x000000075de00000,0x000000075e6a9208,0x000000075ea80000)
  to   space 12800K, 0% used [0x0000000763880000,0x0000000763880000,0x0000000764500000)
 ParOldGen       total 211968K, used 96K [0x000000068b000000, 0x0000000697f00000, 0x0000000759000000)
  object space 211968K, 0% used [0x000000068b000000,0x000000068b018010,0x0000000697f00000)
 Metaspace       used 20837K, capacity 21072K, committed 21296K, reserved 1067008K
  class space    used 2817K, capacity 2875K, committed 2944K, reserved 1048576K
Event: 17.314 GC heap after
Heap after GC invocations=4 (full 0):
 PSYoungGen      total 172544K, used 7397K [0x0000000759000000, 0x0000000764500000, 0x00000007c0000000)
  eden space 159744K, 0% used [0x0000000759000000,0x0000000759000000,0x0000000762c00000)
  from space 12800K, 57% used [0x0000000763880000,0x0000000763fb9540,0x0000000764500000)
  to   space 12800K, 0% used [0x0000000762c00000,0x0000000762c00000,0x0000000763880000)
 ParOldGen       total 211968K, used 104K [0x000000068b000000, 0x0000000697f00000, 0x0000000759000000)
  object space 211968K, 0% used [0x000000068b000000,0x000000068b01a010,0x0000000697f00000)
 Metaspace       used 20837K, capacity 21072K, committed 21296K, reserved 1067008K
  class space    used 2817K, capacity 2875K, committed 2944K, reserved 1048576K
}
Event: 17.314 GC heap before
{Heap before GC invocations=5 (full 1):
 PSYoungGen      total 172544K, used 7397K [0x0000000759000000, 0x0000000764500000, 0x00000007c0000000)
  eden space 159744K, 0% used [0x0000000759000000,0x0000000759000000,0x0000000762c00000)
  from space 12800K, 57% used [0x0000000763880000,0x0000000763fb9540,0x0000000764500000)
  to   space 12800K, 0% used [0x0000000762c00000,0x0000000762c00000,0x0000000763880000)
 ParOldGen       total 211968K, used 104K [0x000000068b000000, 0x0000000697f00000, 0x0000000759000000)
  object space 211968K, 0% used [0x000000068b000000,0x000000068b01a010,0x0000000697f00000)
 Metaspace       used 20837K, capacity 21072K, committed 21296K, reserved 1067008K
  class space    used 2817K, capacity 2875K, committed 2944K, reserved 1048576K
Event: 17.501 GC heap after
Heap after GC invocations=5 (full 1):
 PSYoungGen      total 172544K, used 0K [0x0000000759000000, 0x0000000764500000, 0x00000007c0000000)
  eden space 159744K, 0% used [0x0000000759000000,0x0000000759000000,0x0000000762c00000)
  from space 12800K, 0% used [0x0000000763880000,0x0000000763880000,0x0000000764500000)
  to   space 12800K, 0% used [0x0000000762c00000,0x0000000762c00000,0x0000000763880000)
 ParOldGen       total 117248K, used 7305K [0x000000068b000000, 0x0000000692280000, 0x0000000759000000)
  object space 117248K, 6% used [0x000000068b000000,0x000000068b7225e8,0x0000000692280000)
 Metaspace       used 20837K, capacity 21072K, committed 21296K, reserved 1067008K
  class space    used 2817K, capacity 2875K, committed 2944K, reserved 1048576K
}
Event: 42.537 GC heap before
{Heap before GC invocations=6 (full 1):
 PSYoungGen      total 172544K, used 159744K [0x0000000759000000, 0x0000000764500000, 0x00000007c0000000)
  eden space 159744K, 100% used [0x0000000759000000,0x0000000762c00000,0x0000000762c00000)
  from space 12800K, 0% used [0x0000000763880000,0x0000000763880000,0x0000000764500000)
  to   space 12800K, 0% used [0x0000000762c00000,0x0000000762c00000,0x0000000763880000)
 ParOldGen       total 117248K, used 7305K [0x000000068b000000, 0x0000000692280000, 0x0000000759000000)
  object space 117248K, 6% used [0x000000068b000000,0x000000068b7225e8,0x0000000692280000)
 Metaspace       used 25157K, capacity 25432K, committed 25728K, reserved 1071104K
  class space    used 3301K, capacity 3412K, committed 3456K, reserved 1048576K
Event: 42.592 GC heap after
Heap after GC invocations=6 (full 1):
 PSYoungGen      total 172544K, used 4720K [0x0000000759000000, 0x0000000769980000, 0x00000007c0000000)
  eden space 159744K, 0% used [0x0000000759000000,0x0000000759000000,0x0000000762c00000)
  from space 12800K, 36% used [0x0000000762c00000,0x000000076309c288,0x0000000763880000)
  to   space 10240K, 0% used [0x0000000768f80000,0x0000000768f80000,0x0000000769980000)
 ParOldGen       total 117248K, used 7313K [0x000000068b000000, 0x0000000692280000, 0x0000000759000000)
  object space 117248K, 6% used [0x000000068b000000,0x000000068b7245e8,0x0000000692280000)
 Metaspace       used 25157K, capacity 25432K, committed 25728K, reserved 1071104K
  class space    used 3301K, capacity 3412K, committed 3456K, reserved 1048576K
}
Event: 48.513 GC heap before
{Heap before GC invocations=7 (full 1):
 PSYoungGen      total 172544K, used 164464K [0x0000000759000000, 0x0000000769980000, 0x00000007c0000000)
  eden space 159744K, 100% used [0x0000000759000000,0x0000000762c00000,0x0000000762c00000)
  from space 12800K, 36% used [0x0000000762c00000,0x000000076309c288,0x0000000763880000)
  to   space 10240K, 0% used [0x0000000768f80000,0x0000000768f80000,0x0000000769980000)
 ParOldGen       total 117248K, used 7313K [0x000000068b000000, 0x0000000692280000, 0x0000000759000000)
  object space 117248K, 6% used [0x000000068b000000,0x000000068b7245e8,0x0000000692280000)
 Metaspace       used 25160K, capacity 25432K, committed 25728K, reserved 1071104K
  class space    used 3301K, capacity 3412K, committed 3456K, reserved 1048576K
Event: 48.528 GC heap after
Heap after GC invocations=7 (full 1):
 PSYoungGen      total 245248K, used 2004K [0x0000000759000000, 0x0000000769280000, 0x00000007c0000000)
  eden space 242176K, 0% used [0x0000000759000000,0x0000000759000000,0x0000000767c80000)
  from space 3072K, 65% used [0x0000000768f80000,0x0000000769175020,0x0000000769280000)
  to   space 11264K, 0% used [0x0000000767c80000,0x0000000767c80000,0x0000000768780000)
 ParOldGen       total 117248K, used 7321K [0x000000068b000000, 0x0000000692280000, 0x0000000759000000)
  object space 117248K, 6% used [0x000000068b000000,0x000000068b7265e8,0x0000000692280000)
 Metaspace       used 25160K, capacity 25432K, committed 25728K, reserved 1071104K
  class space    used 3301K, capacity 3412K, committed 3456K, reserved 1048576K
}
Event: 61.776 GC heap before
{Heap before GC invocations=8 (full 1):
 PSYoungGen      total 245248K, used 244180K [0x0000000759000000, 0x0000000769280000, 0x00000007c0000000)
  eden space 242176K, 100% used [0x0000000759000000,0x0000000767c80000,0x0000000767c80000)
  from space 3072K, 65% used [0x0000000768f80000,0x0000000769175020,0x0000000769280000)
  to   space 11264K, 0% used [0x0000000767c80000,0x0000000767c80000,0x0000000768780000)
 ParOldGen       total 117248K, used 7321K [0x000000068b000000, 0x0000000692280000, 0x0000000759000000)
  object space 117248K, 6% used [0x000000068b000000,0x000000068b7265e8,0x0000000692280000)
 Metaspace       used 25161K, capacity 25432K, committed 25728K, reserved 1071104K
  class space    used 3301K, capacity 3412K, committed 3456K, reserved 1048576K
Event: 61.806 GC heap after
Heap after GC invocations=8 (full 1):
 PSYoungGen      total 253440K, used 1972K [0x0000000759000000, 0x000000076ff00000, 0x00000007c0000000)
  eden space 242176K, 0% used [0x0000000759000000,0x0000000759000000,0x0000000767c80000)
  from space 11264K, 17% used [0x0000000767c80000,0x0000000767e6d020,0x0000000768780000)
  to   space 11264K, 0% used [0x000000076f400000,0x000000076f400000,0x000000076ff00000)
 ParOldGen       total 117248K, used 7329K [0x000000068b000000, 0x0000000692280000, 0x0000000759000000)
  object space 117248K, 6% used [0x000000068b000000,0x000000068b7285e8,0x0000000692280000)
 Metaspace       used 25161K, capacity 25432K, committed 25728K, reserved 1071104K
  class space    used 3301K, capacity 3412K, committed 3456K, reserved 1048576K
}
Event: 72.781 GC heap before
{Heap before GC invocations=9 (full 1):
 PSYoungGen      total 253440K, used 244148K [0x0000000759000000, 0x000000076ff00000, 0x00000007c0000000)
  eden space 242176K, 100% used [0x0000000759000000,0x0000000767c80000,0x0000000767c80000)
  from space 11264K, 17% used [0x0000000767c80000,0x0000000767e6d020,0x0000000768780000)
  to   space 11264K, 0% used [0x000000076f400000,0x000000076f400000,0x000000076ff00000)
 ParOldGen       total 117248K, used 7329K [0x000000068b000000, 0x0000000692280000, 0x0000000759000000)
  object space 117248K, 6% used [0x000000068b000000,0x000000068b7285e8,0x0000000692280000)
 Metaspace       used 25519K, capacity 25846K, committed 25984K, reserved 1071104K
  class space    used 3337K, capacity 3455K, committed 3456K, reserved 1048576K
Event: 72.848 GC heap after
Heap after GC invocations=9 (full 1):
 PSYoungGen      total 353792K, used 5609K [0x0000000759000000, 0x000000076f980000, 0x00000007c0000000)
  eden space 348160K, 0% used [0x0000000759000000,0x0000000759000000,0x000000076e400000)
  from space 5632K, 99% used [0x000000076f400000,0x000000076f97a510,0x000000076f980000)
  to   space 10752K, 0% used [0x000000076e480000,0x000000076e480000,0x000000076ef00000)
 ParOldGen       total 117248K, used 7337K [0x000000068b000000, 0x0000000692280000, 0x0000000759000000)
  object space 117248K, 6% used [0x000000068b000000,0x000000068b72a5e8,0x0000000692280000)
 Metaspace       used 25519K, capacity 25846K, committed 25984K, reserved 1071104K
  class space    used 3337K, capacity 3455K, committed 3456K, reserved 1048576K
}
Event: 76.066 GC heap before
{Heap before GC invocations=10 (full 1):
 PSYoungGen      total 353792K, used 353769K [0x0000000759000000, 0x000000076f980000, 0x00000007c0000000)
  eden space 348160K, 100% used [0x0000000759000000,0x000000076e400000,0x000000076e400000)
  from space 5632K, 99% used [0x000000076f400000,0x000000076f97a510,0x000000076f980000)
  to   space 10752K, 0% used [0x000000076e480000,0x000000076e480000,0x000000076ef00000)
 ParOldGen       total 117248K, used 7337K [0x000000068b000000, 0x0000000692280000, 0x0000000759000000)
  object space 117248K, 6% used [0x000000068b000000,0x000000068b72a5e8,0x0000000692280000)
 Metaspace       used 25543K, capacity 25910K, committed 25984K, reserved 1071104K
  class space    used 3339K, capacity 3455K, committed 3456K, reserved 1048576K
Event: 76.104 GC heap after
Heap after GC invocations=10 (full 1):
 PSYoungGen      total 359424K, used 9851K [0x0000000759000000, 0x0000000775800000, 0x00000007c0000000)
  eden space 348672K, 0% used [0x0000000759000000,0x0000000759000000,0x000000076e480000)
  from space 10752K, 91% used [0x000000076e480000,0x000000076ee1ee70,0x000000076ef00000)
  to   space 11776K, 0% used [0x0000000774c80000,0x0000000774c80000,0x0000000775800000)
 ParOldGen       total 117248K, used 7337K [0x000000068b000000, 0x0000000692280000, 0x0000000759000000)
  object space 117248K, 6% used [0x000000068b000000,0x000000068b72a5e8,0x0000000692280000)
 Metaspace       used 25543K, capacity 25910K, committed 25984K, reserved 1071104K
  class space    used 3339K, capacity 3455K, committed 3456K, reserved 1048576K
}
Event: 76.557 GC heap before
{Heap before GC invocations=11 (full 1):
 PSYoungGen      total 359424K, used 358310K [0x0000000759000000, 0x0000000775800000, 0x00000007c0000000)
  eden space 348672K, 99% used [0x0000000759000000,0x000000076e44ab30,0x000000076e480000)
  from space 10752K, 91% used [0x000000076e480000,0x000000076ee1ee70,0x000000076ef00000)
  to   space 11776K, 0% used [0x0000000774c80000,0x0000000774c80000,0x0000000775800000)
 ParOldGen       total 117248K, used 7337K [0x000000068b000000, 0x0000000692280000, 0x0000000759000000)
  object space 117248K, 6% used [0x000000068b000000,0x000000068b72a5e8,0x0000000692280000)
 Metaspace       used 25545K, capacity 25910K, committed 25984K, reserved 1071104K
  class space    used 3339K, capacity 3455K, committed 3456K, reserved 1048576K
Event: 76.589 GC heap after
Heap after GC invocations=11 (full 1):
 PSYoungGen      total 455168K, used 4388K [0x0000000759000000, 0x0000000778700000, 0x00000007c0000000)
  eden space 443392K, 0% used [0x0000000759000000,0x0000000759000000,0x0000000774100000)
  from space 11776K, 37% used [0x0000000774c80000,0x00000007750c92f0,0x0000000775800000)
  to   space 11776K, 0% used [0x0000000774100000,0x0000000774100000,0x0000000774c80000)
 ParOldGen       total 117248K, used 7345K [0x000000068b000000, 0x0000000692280000, 0x0000000759000000)
  object space 117248K, 6% used [0x000000068b000000,0x000000068b72c5e8,0x0000000692280000)
 Metaspace       used 25545K, capacity 25910K, committed 25984K, reserved 1071104K
  class space    used 3339K, capacity 3455K, committed 3456K, reserved 1048576K
}
Event: 77.067 GC heap before
{Heap before GC invocations=12 (full 1):
 PSYoungGen      total 455168K, used 447675K [0x0000000759000000, 0x0000000778700000, 0x00000007c0000000)
  eden space 443392K, 99% used [0x0000000759000000,0x00000007740e5930,0x0000000774100000)
  from space 11776K, 37% used [0x0000000774c80000,0x00000007750c92f0,0x0000000775800000)
  to   space 11776K, 0% used [0x0000000774100000,0x0000000774100000,0x0000000774c80000)
 ParOldGen       total 117248K, used 7345K [0x000000068b000000, 0x0000000692280000, 0x0000000759000000)
  object space 117248K, 6% used [0x000000068b000000,0x000000068b72c5e8,0x0000000692280000)
 Metaspace       used 25545K, capacity 25910K, committed 25984K, reserved 1071104K
  class space    used 3339K, capacity 3455K, committed 3456K, reserved 1048576K
Event: 77.088 GC heap after
Heap after GC invocations=12 (full 1):
 PSYoungGen      total 455168K, used 4773K [0x0000000759000000, 0x0000000781200000, 0x00000007c0000000)
  eden space 443392K, 0% used [0x0000000759000000,0x0000000759000000,0x0000000774100000)
  from space 11776K, 40% used [0x0000000774100000,0x00000007745a94c8,0x0000000774c80000)
  to   space 11264K, 0% used [0x0000000780700000,0x0000000780700000,0x0000000781200000)
 ParOldGen       total 117248K, used 7345K [0x000000068b000000, 0x0000000692280000, 0x0000000759000000)
  object space 117248K, 6% used [0x000000068b000000,0x000000068b72c5e8,0x0000000692280000)
 Metaspace       used 25545K, capacity 25910K, committed 25984K, reserved 1071104K
  class space    used 3339K, capacity 3455K, committed 3456K, reserved 1048576K
}
Event: 77.457 GC heap before
{Heap before GC invocations=13 (full 1):
 PSYoungGen      total 455168K, used 448014K [0x0000000759000000, 0x0000000781200000, 0x00000007c0000000)
  eden space 443392K, 99% used [0x0000000759000000,0x00000007740da678,0x0000000774100000)
  from space 11776K, 40% used [0x0000000774100000,0x00000007745a94c8,0x0000000774c80000)
  to   space 11264K, 0% used [0x0000000780700000,0x0000000780700000,0x0000000781200000)
 ParOldGen       total 117248K, used 7345K [0x000000068b000000, 0x0000000692280000, 0x0000000759000000)
  object space 117248K, 6% used [0x000000068b000000,0x000000068b72c5e8,0x0000000692280000)
 Metaspace       used 25545K, capacity 25910K, committed 25984K, reserved 1071104K
  class space    used 3339K, capacity 3455K, committed 3456K, reserved 1048576K
Event: 77.486 GC heap after
Heap after GC invocations=13 (full 1):
 PSYoungGen      total 646144K, used 3497K [0x0000000759000000, 0x0000000782280000, 0x00000007c0000000)
  eden space 634880K, 0% used [0x0000000759000000,0x0000000759000000,0x000000077fc00000)
  from space 11264K, 31% used [0x0000000780700000,0x0000000780a6a468,0x0000000781200000)
  to   space 11264K, 0% used [0x000000077fc00000,0x000000077fc00000,0x0000000780700000)
 ParOldGen       total 117248K, used 9238K [0x000000068b000000, 0x0000000692280000, 0x0000000759000000)
  object space 117248K, 7% used [0x000000068b000000,0x000000068b905a20,0x0000000692280000)
 Metaspace       used 25545K, capacity 25910K, committed 25984K, reserved 1071104K
  class space    used 3339K, capacity 3455K, committed 3456K, reserved 1048576K
}
Event: 79.156 GC heap before
{Heap before GC invocations=14 (full 1):
 PSYoungGen      total 646144K, used 637920K [0x0000000759000000, 0x0000000782280000, 0x00000007c0000000)
  eden space 634880K, 99% used [0x0000000759000000,0x000000077fb8dcb0,0x000000077fc00000)
  from space 11264K, 31% used [0x0000000780700000,0x0000000780a6a468,0x0000000781200000)
  to   space 11264K, 0% used [0x000000077fc00000,0x000000077fc00000,0x0000000780700000)
 ParOldGen       total 117248K, used 9238K [0x000000068b000000, 0x0000000692280000, 0x0000000759000000)
  object space 117248K, 7% used [0x000000068b000000,0x000000068b905a20,0x0000000692280000)
 Metaspace       used 25545K, capacity 25910K, committed 25984K, reserved 1071104K
  class space    used 3339K, capacity 3455K, committed 3456K, reserved 1048576K
Event: 79.168 GC heap after
Heap after GC invocations=14 (full 1):
 PSYoungGen      total 646144K, used 2777K [0x0000000759000000, 0x0000000792380000, 0x00000007c0000000)
  eden space 634880K, 0% used [0x0000000759000000,0x0000000759000000,0x000000077fc00000)
  from space 11264K, 24% used [0x000000077fc00000,0x000000077feb67c0,0x0000000780700000)
  to   space 11264K, 0% used [0x0000000791880000,0x0000000791880000,0x0000000792380000)
 ParOldGen       total 117248K, used 9262K [0x000000068b000000, 0x0000000692280000, 0x0000000759000000)
  object space 117248K, 7% used [0x000000068b000000,0x000000068b90ba20,0x0000000692280000)
 Metaspace       used 25545K, capacity 25910K, committed 25984K, reserved 1071104K
  class space    used 3339K, capacity 3455K, committed 3456K, reserved 1048576K
}
Event: 79.358 GC heap before
{Heap before GC invocations=15 (full 1):
 PSYoungGen      total 646144K, used 637182K [0x0000000759000000, 0x0000000792380000, 0x00000007c0000000)
  eden space 634880K, 99% used [0x0000000759000000,0x000000077fb89248,0x000000077fc00000)
  from space 11264K, 24% used [0x000000077fc00000,0x000000077feb67c0,0x0000000780700000)
  to   space 11264K, 0% used [0x0000000791880000,0x0000000791880000,0x0000000792380000)
 ParOldGen       total 117248K, used 9262K [0x000000068b000000, 0x0000000692280000, 0x0000000759000000)
  object space 117248K, 7% used [0x000000068b000000,0x000000068b90ba20,0x0000000692280000)
 Metaspace       used 25545K, capacity 25910K, committed 25984K, reserved 1071104K
  class space    used 3339K, capacity 3455K, committed 3456K, reserved 1048576K
Event: 79.372 GC heap after
Heap after GC invocations=15 (full 1):
 PSYoungGen      total 926208K, used 1132K [0x0000000759000000, 0x0000000793600000, 0x00000007c0000000)
  eden space 914944K, 0% used [0x0000000759000000,0x0000000759000000,0x0000000790d80000)
  from space 11264K, 10% used [0x0000000791880000,0x000000079199b220,0x0000000792380000)
  to   space 11264K, 0% used [0x0000000790d80000,0x0000000790d80000,0x0000000791880000)
 ParOldGen       total 117248K, used 11470K [0x000000068b000000, 0x0000000692280000, 0x0000000759000000)
  object space 117248K, 9% used [0x000000068b000000,0x000000068bb33808,0x0000000692280000)
 Metaspace       used 25545K, capacity 25910K, committed 25984K, reserved 1071104K
  class space    used 3339K, capacity 3455K, committed 3456K, reserved 1048576K
}
Event: 85.139 GC heap before
{Heap before GC invocations=16 (full 1):
 PSYoungGen      total 926208K, used 914644K [0x0000000759000000, 0x0000000793600000, 0x00000007c0000000)
  eden space 914944K, 99% used [0x0000000759000000,0x0000000790c19f40,0x0000000790d80000)
  from space 11264K, 10% used [0x0000000791880000,0x000000079199b220,0x0000000792380000)
  to   space 11264K, 0% used [0x0000000790d80000,0x0000000790d80000,0x0000000791880000)
 ParOldGen       total 117248K, used 11470K [0x000000068b000000, 0x0000000692280000, 0x0000000759000000)
  object space 117248K, 9% used [0x000000068b000000,0x000000068bb33808,0x0000000692280000)
 Metaspace       used 25545K, capacity 25910K, committed 25984K, reserved 1071104K
  class space    used 3339K, capacity 3455K, committed 3456K, reserved 1048576K
Event: 85.174 GC heap after
Heap after GC invocations=16 (full 1):
 PSYoungGen      total 926208K, used 1659K [0x0000000759000000, 0x00000007aaf00000, 0x00000007c0000000)
  eden space 914944K, 0% used [0x0000000759000000,0x0000000759000000,0x0000000790d80000)
  from space 11264K, 14% used [0x0000000790d80000,0x0000000790f1ef90,0x0000000791880000)
  to   space 11264K, 0% used [0x00000007aa400000,0x00000007aa400000,0x00000007aaf00000)
 ParOldGen       total 117248K, used 11470K [0x000000068b000000, 0x0000000692280000, 0x0000000759000000)
  object space 117248K, 9% used [0x000000068b000000,0x000000068bb33808,0x0000000692280000)
 Metaspace       used 25545K, capacity 25910K, committed 25984K, reserved 1071104K
  class space    used 3339K, capacity 3455K, committed 3456K, reserved 1048576K
}
Event: 85.520 GC heap before
{Heap before GC invocations=17 (full 1):
 PSYoungGen      total 926208K, used 916089K [0x0000000759000000, 0x00000007aaf00000, 0x00000007c0000000)
  eden space 914944K, 99% used [0x0000000759000000,0x0000000790cff7e8,0x0000000790d80000)
  from space 11264K, 14% used [0x0000000790d80000,0x0000000790f1ef90,0x0000000791880000)
  to   space 11264K, 0% used [0x00000007aa400000,0x00000007aa400000,0x00000007aaf00000)
 ParOldGen       total 117248K, used 11470K [0x000000068b000000, 0x0000000692280000, 0x0000000759000000)
  object space 117248K, 9% used [0x000000068b000000,0x000000068bb33808,0x0000000692280000)
 Metaspace       used 25548K, capacity 25910K, committed 25984K, reserved 1071104K
  class space    used 3340K, capacity 3455K, committed 3456K, reserved 1048576K
Event: 85.524 GC heap after
Heap after GC invocations=17 (full 1):
 PSYoungGen      total 1300992K, used 2598K [0x0000000759000000, 0x00000007aa700000, 0x00000007c0000000)
  eden space 1297920K, 0% used [0x0000000759000000,0x0000000759000000,0x00000007a8380000)
  from space 3072K, 84% used [0x00000007aa400000,0x00000007aa689b68,0x00000007aa700000)
  to   space 10752K, 0% used [0x00000007a9200000,0x00000007a9200000,0x00000007a9c80000)
 ParOldGen       total 117248K, used 11486K [0x000000068b000000, 0x0000000692280000, 0x0000000759000000)
  object space 117248K, 9% used [0x000000068b000000,0x000000068bb37808,0x0000000692280000)
 Metaspace       used 25548K, capacity 25910K, committed 25984K, reserved 1071104K
  class space    used 3340K, capacity 3455K, committed 3456K, reserved 1048576K
}
Event: 90.635 GC heap before
{Heap before GC invocations=18 (full 1):
 PSYoungGen      total 1300992K, used 1300500K [0x0000000759000000, 0x00000007aa700000, 0x00000007c0000000)
  eden space 1297920K, 99% used [0x0000000759000000,0x00000007a837b760,0x00000007a8380000)
  from space 3072K, 84% used [0x00000007aa400000,0x00000007aa689b68,0x00000007aa700000)
  to   space 10752K, 0% used [0x00000007a9200000,0x00000007a9200000,0x00000007a9c80000)
 ParOldGen       total 117248K, used 11486K [0x000000068b000000, 0x0000000692280000, 0x0000000759000000)
  object space 117248K, 9% used [0x000000068b000000,0x000000068bb37808,0x0000000692280000)
 Metaspace       used 25548K, capacity 25910K, committed 25984K, reserved 1071104K
  class space    used 3340K, capacity 3455K, committed 3456K, reserved 1048576K

