# JRE version: Java(TM) SE Runtime Environment (7.0_40-b43) (build 1.7.0_40-b43)
# Java VM: Java HotSpot(TM) 64-Bit Server VM (24.0-b56 mixed mode bsd-amd64 compressed oops)
Heap
 PSYoungGen      total 297472K, used 66395K [0x00000007eaa80000, 0x00000007ffe80000, 0x0000000800000000)
  eden space 246784K, 23% used [0x00000007eaa80000,0x00000007ee431510,0x00000007f9b80000)
  from space 50688K, 14% used [0x00000007fcd00000,0x00000007fd425870,0x00000007ffe80000)
  to   space 50688K, 0% used [0x00000007f9b80000,0x00000007f9b80000,0x00000007fcd00000)
 ParOldGen       total 174592K, used 66051K [0x00000007c0000000, 0x00000007caa80000, 0x00000007eaa80000)
  object space 174592K, 37% used [0x00000007c0000000,0x00000007c4080f28,0x00000007caa80000)
 PSPermGen       total 51200K, used 51018K [0x00000007b0000000, 0x00000007b3200000, 0x00000007c0000000)
  object space 51200K, 99% used [0x00000007b0000000,0x00000007b31d28e0,0x00000007b3200000)
GC Heap History (10 events):
Event: 14.914 GC heap before
{Heap before GC invocations=8 (full 0):
 PSYoungGen      total 290816K, used 290791K [0x00000007eaa80000, 0x0000000800000000, 0x0000000800000000)
  eden space 257536K, 100% used [0x00000007eaa80000,0x00000007fa600000,0x00000007fa600000)
  from space 33280K, 99% used [0x00000007fa600000,0x00000007fc679ff0,0x00000007fc680000)
  to   space 46592K, 0% used [0x00000007fd280000,0x00000007fd280000,0x0000000800000000)
 ParOldGen       total 174592K, used 37654K [0x00000007c0000000, 0x00000007caa80000, 0x00000007eaa80000)
  object space 174592K, 21% used [0x00000007c0000000,0x00000007c24c5a18,0x00000007caa80000)
 PSPermGen       total 41984K, used 41606K [0x00000007b0000000, 0x00000007b2900000, 0x00000007c0000000)
  object space 41984K, 99% used [0x00000007b0000000,0x00000007b28a1980,0x00000007b2900000)
Event: 15.081 GC heap after
Heap after GC invocations=8 (full 0):
 PSYoungGen      total 297984K, used 33549K [0x00000007eaa80000, 0x0000000800000000, 0x0000000800000000)
  eden space 251392K, 0% used [0x00000007eaa80000,0x00000007eaa80000,0x00000007fa000000)
  from space 46592K, 72% used [0x00000007fd280000,0x00000007ff343608,0x0000000800000000)
  to   space 49152K, 0% used [0x00000007fa000000,0x00000007fa000000,0x00000007fd000000)
 ParOldGen       total 174592K, used 42740K [0x00000007c0000000, 0x00000007caa80000, 0x00000007eaa80000)
  object space 174592K, 24% used [0x00000007c0000000,0x00000007c29bd2f0,0x00000007caa80000)
 PSPermGen       total 41984K, used 41606K [0x00000007b0000000, 0x00000007b2900000, 0x00000007c0000000)
  object space 41984K, 99% used [0x00000007b0000000,0x00000007b28a1980,0x00000007b2900000)
}
Event: 16.236 GC heap before
{Heap before GC invocations=9 (full 0):
 PSYoungGen      total 297984K, used 284941K [0x00000007eaa80000, 0x0000000800000000, 0x0000000800000000)
  eden space 251392K, 100% used [0x00000007eaa80000,0x00000007fa000000,0x00000007fa000000)
  from space 46592K, 72% used [0x00000007fd280000,0x00000007ff343608,0x0000000800000000)
  to   space 49152K, 0% used [0x00000007fa000000,0x00000007fa000000,0x00000007fd000000)
 ParOldGen       total 174592K, used 42740K [0x00000007c0000000, 0x00000007caa80000, 0x00000007eaa80000)
  object space 174592K, 24% used [0x00000007c0000000,0x00000007c29bd2f0,0x00000007caa80000)
 PSPermGen       total 43008K, used 42901K [0x00000007b0000000, 0x00000007b2a00000, 0x00000007c0000000)
  object space 43008K, 99% used [0x00000007b0000000,0x00000007b29e5648,0x00000007b2a00000)
Event: 16.254 GC heap after
Heap after GC invocations=9 (full 0):
 PSYoungGen      total 285184K, used 33300K [0x00000007eaa80000, 0x0000000800000000, 0x0000000800000000)
  eden space 251392K, 0% used [0x00000007eaa80000,0x00000007eaa80000,0x00000007fa000000)
  from space 33792K, 98% used [0x00000007fa000000,0x00000007fc085190,0x00000007fc100000)
  to   space 50688K, 0% used [0x00000007fce80000,0x00000007fce80000,0x0000000800000000)
 ParOldGen       total 174592K, used 45646K [0x00000007c0000000, 0x00000007caa80000, 0x00000007eaa80000)
  object space 174592K, 26% used [0x00000007c0000000,0x00000007c2c93ae0,0x00000007caa80000)
 PSPermGen       total 43008K, used 42901K [0x00000007b0000000, 0x00000007b2a00000, 0x00000007c0000000)
  object space 43008K, 99% used [0x00000007b0000000,0x00000007b29e5648,0x00000007b2a00000)
}
Event: 17.247 GC heap before
{Heap before GC invocations=10 (full 0):
 PSYoungGen      total 285184K, used 284692K [0x00000007eaa80000, 0x0000000800000000, 0x0000000800000000)
  eden space 251392K, 100% used [0x00000007eaa80000,0x00000007fa000000,0x00000007fa000000)
  from space 33792K, 98% used [0x00000007fa000000,0x00000007fc085190,0x00000007fc100000)
  to   space 50688K, 0% used [0x00000007fce80000,0x00000007fce80000,0x0000000800000000)
 ParOldGen       total 174592K, used 45646K [0x00000007c0000000, 0x00000007caa80000, 0x00000007eaa80000)
  object space 174592K, 26% used [0x00000007c0000000,0x00000007c2c93ae0,0x00000007caa80000)
 PSPermGen       total 46080K, used 45655K [0x00000007b0000000, 0x00000007b2d00000, 0x00000007c0000000)
  object space 46080K, 99% used [0x00000007b0000000,0x00000007b2c95e78,0x00000007b2d00000)
Event: 17.281 GC heap after
Heap after GC invocations=10 (full 0):
 PSYoungGen      total 295936K, used 34204K [0x00000007eaa80000, 0x0000000800000000, 0x0000000800000000)
  eden space 245248K, 0% used [0x00000007eaa80000,0x00000007eaa80000,0x00000007f9a00000)
  from space 50688K, 67% used [0x00000007fce80000,0x00000007fefe71a8,0x0000000800000000)
  to   space 52224K, 0% used [0x00000007f9a00000,0x00000007f9a00000,0x00000007fcd00000)
 ParOldGen       total 174592K, used 50128K [0x00000007c0000000, 0x00000007caa80000, 0x00000007eaa80000)
  object space 174592K, 28% used [0x00000007c0000000,0x00000007c30f4060,0x00000007caa80000)
 PSPermGen       total 46080K, used 45655K [0x00000007b0000000, 0x00000007b2d00000, 0x00000007c0000000)
  object space 46080K, 99% used [0x00000007b0000000,0x00000007b2c95e78,0x00000007b2d00000)
}
Event: 22.663 GC heap before
{Heap before GC invocations=11 (full 0):
 PSYoungGen      total 295936K, used 279452K [0x00000007eaa80000, 0x0000000800000000, 0x0000000800000000)
  eden space 245248K, 100% used [0x00000007eaa80000,0x00000007f9a00000,0x00000007f9a00000)
  from space 50688K, 67% used [0x00000007fce80000,0x00000007fefe71a8,0x0000000800000000)
  to   space 52224K, 0% used [0x00000007f9a00000,0x00000007f9a00000,0x00000007fcd00000)
 ParOldGen       total 174592K, used 50128K [0x00000007c0000000, 0x00000007caa80000, 0x00000007eaa80000)
  object space 174592K, 28% used [0x00000007c0000000,0x00000007c30f4060,0x00000007caa80000)
 PSPermGen       total 51200K, used 50708K [0x00000007b0000000, 0x00000007b3200000, 0x00000007c0000000)
  object space 51200K, 99% used [0x00000007b0000000,0x00000007b31853b8,0x00000007b3200000)
Event: 22.679 GC heap after
Heap after GC invocations=11 (full 0):
 PSYoungGen      total 297472K, used 16944K [0x00000007eaa80000, 0x00000007ffe80000, 0x0000000800000000)
  eden space 245248K, 0% used [0x00000007eaa80000,0x00000007eaa80000,0x00000007f9a00000)
  from space 52224K, 32% used [0x00000007f9a00000,0x00000007faa8c198,0x00000007fcd00000)
  to   space 50688K, 0% used [0x00000007fcd00000,0x00000007fcd00000,0x00000007ffe80000)
 ParOldGen       total 174592K, used 57490K [0x00000007c0000000, 0x00000007caa80000, 0x00000007eaa80000)
  object space 174592K, 32% used [0x00000007c0000000,0x00000007c38249a8,0x00000007caa80000)
 PSPermGen       total 51200K, used 50708K [0x00000007b0000000, 0x00000007b3200000, 0x00000007c0000000)
  object space 51200K, 99% used [0x00000007b0000000,0x00000007b31853b8,0x00000007b3200000)
}
Event: 31.193 GC heap before
{Heap before GC invocations=12 (full 0):
 PSYoungGen      total 297472K, used 262192K [0x00000007eaa80000, 0x00000007ffe80000, 0x0000000800000000)
  eden space 245248K, 100% used [0x00000007eaa80000,0x00000007f9a00000,0x00000007f9a00000)
  from space 52224K, 32% used [0x00000007f9a00000,0x00000007faa8c198,0x00000007fcd00000)
  to   space 50688K, 0% used [0x00000007fcd00000,0x00000007fcd00000,0x00000007ffe80000)
 ParOldGen       total 174592K, used 57490K [0x00000007c0000000, 0x00000007caa80000, 0x00000007eaa80000)
  object space 174592K, 32% used [0x00000007c0000000,0x00000007c38249a8,0x00000007caa80000)
 PSPermGen       total 51200K, used 51005K [0x00000007b0000000, 0x00000007b3200000, 0x00000007c0000000)
  object space 51200K, 99% used [0x00000007b0000000,0x00000007b31cf4e8,0x00000007b3200000)
Event: 31.204 GC heap after
Heap after GC invocations=12 (full 0):
 PSYoungGen      total 297472K, used 7318K [0x00000007eaa80000, 0x00000007ffe80000, 0x0000000800000000)
  eden space 246784K, 0% used [0x00000007eaa80000,0x00000007eaa80000,0x00000007f9b80000)
  from space 50688K, 14% used [0x00000007fcd00000,0x00000007fd425870,0x00000007ffe80000)
  to   space 50688K, 0% used [0x00000007f9b80000,0x00000007f9b80000,0x00000007fcd00000)
 ParOldGen       total 174592K, used 66051K [0x00000007c0000000, 0x00000007caa80000, 0x00000007eaa80000)
  object space 174592K, 37% used [0x00000007c0000000,0x00000007c4080f28,0x00000007caa80000)
 PSPermGen       total 51200K, used 51005K [0x00000007b0000000, 0x00000007b3200000, 0x00000007c0000000)
  object space 51200K, 99% used [0x00000007b0000000,0x00000007b31cf4e8,0x00000007b3200000)
}

