# JRE version: Java(TM) SE Runtime Environment (7.0_40-b43) (build 1.7.0_40-b43)
# Java VM: Java HotSpot(TM) 64-Bit Server VM (24.0-b56 mixed mode bsd-amd64 compressed oops)
Heap
 PSYoungGen      total 306176K, used 182069K [0x00000007eaa80000, 0x0000000800000000, 0x0000000800000000)
  eden space 262656K, 66% used [0x00000007eaa80000,0x00000007f5473bd8,0x00000007fab00000)
  from space 43520K, 18% used [0x00000007fab00000,0x00000007fb2d98c0,0x00000007fd580000)
  to   space 43008K, 0% used [0x00000007fd600000,0x00000007fd600000,0x0000000800000000)
 ParOldGen       total 174592K, used 47387K [0x00000007c0000000, 0x00000007caa80000, 0x00000007eaa80000)
  object space 174592K, 27% used [0x00000007c0000000,0x00000007c2e46c70,0x00000007caa80000)
 PSPermGen       total 51200K, used 50958K [0x00000007b0000000, 0x00000007b3200000, 0x00000007c0000000)
  object space 51200K, 99% used [0x00000007b0000000,0x00000007b31c3ae0,0x00000007b3200000)
GC Heap History (10 events):
Event: 9.866 GC heap before
{Heap before GC invocations=9 (full 0):
 PSYoungGen      total 271872K, used 264335K [0x00000007eaa80000, 0x00000007fd680000, 0x0000000800000000)
  eden space 241152K, 100% used [0x00000007eaa80000,0x00000007f9600000,0x00000007f9600000)
  from space 30720K, 75% used [0x00000007fb580000,0x00000007fcc23c40,0x00000007fd380000)
  to   space 32256K, 0% used [0x00000007f9600000,0x00000007f9600000,0x00000007fb580000)
 ParOldGen       total 174592K, used 24038K [0x00000007c0000000, 0x00000007caa80000, 0x00000007eaa80000)
  object space 174592K, 13% used [0x00000007c0000000,0x00000007c1779bd0,0x00000007caa80000)
 PSPermGen       total 34816K, used 34647K [0x00000007b0000000, 0x00000007b2200000, 0x00000007c0000000)
  object space 34816K, 99% used [0x00000007b0000000,0x00000007b21d5ec8,0x00000007b2200000)
Event: 9.891 GC heap after
Heap after GC invocations=9 (full 0):
 PSYoungGen      total 273408K, used 29006K [0x00000007eaa80000, 0x0000000800000000, 0x0000000800000000)
  eden space 241152K, 0% used [0x00000007eaa80000,0x00000007eaa80000,0x00000007f9600000)
  from space 32256K, 89% used [0x00000007f9600000,0x00000007fb2539a8,0x00000007fb580000)
  to   space 35840K, 0% used [0x00000007fdd00000,0x00000007fdd00000,0x0000000800000000)
 ParOldGen       total 174592K, used 29351K [0x00000007c0000000, 0x00000007caa80000, 0x00000007eaa80000)
  object space 174592K, 16% used [0x00000007c0000000,0x00000007c1ca9d40,0x00000007caa80000)
 PSPermGen       total 34816K, used 34647K [0x00000007b0000000, 0x00000007b2200000, 0x00000007c0000000)
  object space 34816K, 99% used [0x00000007b0000000,0x00000007b21d5ec8,0x00000007b2200000)
}
Event: 11.264 GC heap before
{Heap before GC invocations=10 (full 0):
 PSYoungGen      total 273408K, used 270158K [0x00000007eaa80000, 0x0000000800000000, 0x0000000800000000)
  eden space 241152K, 100% used [0x00000007eaa80000,0x00000007f9600000,0x00000007f9600000)
  from space 32256K, 89% used [0x00000007f9600000,0x00000007fb2539a8,0x00000007fb580000)
  to   space 35840K, 0% used [0x00000007fdd00000,0x00000007fdd00000,0x0000000800000000)
 ParOldGen       total 174592K, used 29351K [0x00000007c0000000, 0x00000007caa80000, 0x00000007eaa80000)
  object space 174592K, 16% used [0x00000007c0000000,0x00000007c1ca9d40,0x00000007caa80000)
 PSPermGen       total 41472K, used 41347K [0x00000007b0000000, 0x00000007b2880000, 0x00000007c0000000)
  object space 41472K, 99% used [0x00000007b0000000,0x00000007b2860e70,0x00000007b2880000)
Event: 11.294 GC heap after
Heap after GC invocations=10 (full 0):
 PSYoungGen      total 305664K, used 32388K [0x00000007eaa80000, 0x0000000800000000, 0x0000000800000000)
  eden space 269824K, 0% used [0x00000007eaa80000,0x00000007eaa80000,0x00000007fb200000)
  from space 35840K, 90% used [0x00000007fdd00000,0x00000007ffca1338,0x0000000800000000)
  to   space 39936K, 0% used [0x00000007fb200000,0x00000007fb200000,0x00000007fd900000)
 ParOldGen       total 174592K, used 29623K [0x00000007c0000000, 0x00000007caa80000, 0x00000007eaa80000)
  object space 174592K, 16% used [0x00000007c0000000,0x00000007c1cedd40,0x00000007caa80000)
 PSPermGen       total 41472K, used 41347K [0x00000007b0000000, 0x00000007b2880000, 0x00000007c0000000)
  object space 41472K, 99% used [0x00000007b0000000,0x00000007b2860e70,0x00000007b2880000)
}
Event: 12.497 GC heap before
{Heap before GC invocations=11 (full 0):
 PSYoungGen      total 305664K, used 302212K [0x00000007eaa80000, 0x0000000800000000, 0x0000000800000000)
  eden space 269824K, 100% used [0x00000007eaa80000,0x00000007fb200000,0x00000007fb200000)
  from space 35840K, 90% used [0x00000007fdd00000,0x00000007ffca1338,0x0000000800000000)
  to   space 39936K, 0% used [0x00000007fb200000,0x00000007fb200000,0x00000007fd900000)
 ParOldGen       total 174592K, used 29623K [0x00000007c0000000, 0x00000007caa80000, 0x00000007eaa80000)
  object space 174592K, 16% used [0x00000007c0000000,0x00000007c1cedd40,0x00000007caa80000)
 PSPermGen       total 43008K, used 42580K [0x00000007b0000000, 0x00000007b2a00000, 0x00000007c0000000)
  object space 43008K, 99% used [0x00000007b0000000,0x00000007b2995328,0x00000007b2a00000)
Event: 12.517 GC heap after
Heap after GC invocations=11 (full 0):
 PSYoungGen      total 299008K, used 28709K [0x00000007eaa80000, 0x0000000800000000, 0x0000000800000000)
  eden space 269824K, 0% used [0x00000007eaa80000,0x00000007eaa80000,0x00000007fb200000)
  from space 29184K, 98% used [0x00000007fb200000,0x00000007fce09558,0x00000007fce80000)
  to   space 41472K, 0% used [0x00000007fd780000,0x00000007fd780000,0x0000000800000000)
 ParOldGen       total 174592K, used 34861K [0x00000007c0000000, 0x00000007caa80000, 0x00000007eaa80000)
  object space 174592K, 19% used [0x00000007c0000000,0x00000007c220b638,0x00000007caa80000)
 PSPermGen       total 43008K, used 42580K [0x00000007b0000000, 0x00000007b2a00000, 0x00000007c0000000)
  object space 43008K, 99% used [0x00000007b0000000,0x00000007b2995328,0x00000007b2a00000)
}
Event: 15.077 GC heap before
{Heap before GC invocations=12 (full 0):
 PSYoungGen      total 299008K, used 298533K [0x00000007eaa80000, 0x0000000800000000, 0x0000000800000000)
  eden space 269824K, 100% used [0x00000007eaa80000,0x00000007fb200000,0x00000007fb200000)
  from space 29184K, 98% used [0x00000007fb200000,0x00000007fce09558,0x00000007fce80000)
  to   space 41472K, 0% used [0x00000007fd780000,0x00000007fd780000,0x0000000800000000)
 ParOldGen       total 174592K, used 34861K [0x00000007c0000000, 0x00000007caa80000, 0x00000007eaa80000)
  object space 174592K, 19% used [0x00000007c0000000,0x00000007c220b638,0x00000007caa80000)
 PSPermGen       total 50688K, used 50446K [0x00000007b0000000, 0x00000007b3180000, 0x00000007c0000000)
  object space 50688K, 99% used [0x00000007b0000000,0x00000007b3143b20,0x00000007b3180000)
Event: 15.102 GC heap after
Heap after GC invocations=12 (full 0):
 PSYoungGen      total 304128K, used 30686K [0x00000007eaa80000, 0x0000000800000000, 0x0000000800000000)
  eden space 262656K, 0% used [0x00000007eaa80000,0x00000007eaa80000,0x00000007fab00000)
  from space 41472K, 73% used [0x00000007fd780000,0x00000007ff577b68,0x0000000800000000)
  to   space 43520K, 0% used [0x00000007fab00000,0x00000007fab00000,0x00000007fd580000)
 ParOldGen       total 174592K, used 38956K [0x00000007c0000000, 0x00000007caa80000, 0x00000007eaa80000)
  object space 174592K, 22% used [0x00000007c0000000,0x00000007c260b0b8,0x00000007caa80000)
 PSPermGen       total 50688K, used 50446K [0x00000007b0000000, 0x00000007b3180000, 0x00000007c0000000)
  object space 50688K, 99% used [0x00000007b0000000,0x00000007b3143b20,0x00000007b3180000)
}
Event: 23.179 GC heap before
{Heap before GC invocations=13 (full 0):
 PSYoungGen      total 304128K, used 293342K [0x00000007eaa80000, 0x0000000800000000, 0x0000000800000000)
  eden space 262656K, 100% used [0x00000007eaa80000,0x00000007fab00000,0x00000007fab00000)
  from space 41472K, 73% used [0x00000007fd780000,0x00000007ff577b68,0x0000000800000000)
  to   space 43520K, 0% used [0x00000007fab00000,0x00000007fab00000,0x00000007fd580000)
 ParOldGen       total 174592K, used 38956K [0x00000007c0000000, 0x00000007caa80000, 0x00000007eaa80000)
  object space 174592K, 22% used [0x00000007c0000000,0x00000007c260b0b8,0x00000007caa80000)
 PSPermGen       total 51200K, used 50903K [0x00000007b0000000, 0x00000007b3200000, 0x00000007c0000000)
  object space 51200K, 99% used [0x00000007b0000000,0x00000007b31b5e88,0x00000007b3200000)
Event: 23.189 GC heap after
Heap after GC invocations=13 (full 0):
 PSYoungGen      total 306176K, used 8038K [0x00000007eaa80000, 0x0000000800000000, 0x0000000800000000)
  eden space 262656K, 0% used [0x00000007eaa80000,0x00000007eaa80000,0x00000007fab00000)
  from space 43520K, 18% used [0x00000007fab00000,0x00000007fb2d98c0,0x00000007fd580000)
  to   space 43008K, 0% used [0x00000007fd600000,0x00000007fd600000,0x0000000800000000)
 ParOldGen       total 174592K, used 47387K [0x00000007c0000000, 0x00000007caa80000, 0x00000007eaa80000)
  object space 174592K, 27% used [0x00000007c0000000,0x00000007c2e46c70,0x00000007caa80000)
 PSPermGen       total 51200K, used 50903K [0x00000007b0000000, 0x00000007b3200000, 0x00000007c0000000)
  object space 51200K, 99% used [0x00000007b0000000,0x00000007b31b5e88,0x00000007b3200000)
}

